2020-03-30 00:00:15.994 [info] <0.43.0> Application lager started on node nonode@nohost
2020-03-30 00:00:16.000 [info] <0.43.0> Application xmerl started on node nonode@nohost
2020-03-30 00:00:16.008 [info] <0.43.0> Application sasl started on node nonode@nohost
2020-03-30 00:00:16.010 [info] <0.43.0> Application tools started on node nonode@nohost
2020-03-30 00:00:16.010 [info] <0.43.0> Application jsx started on node nonode@nohost
2020-03-30 00:00:16.014 [info] <0.43.0> Application ranch started on node nonode@nohost
2020-03-30 00:00:16.015 [info] <0.43.0> Application recon started on node nonode@nohost
2020-03-30 00:00:16.031 [info] <0.43.0> Application credentials_obfuscation started on node nonode@nohost
2020-03-30 00:00:16.031 [info] <0.43.0> Application rabbit_common started on node nonode@nohost
2020-03-30 00:00:16.036 [info] <0.43.0> Application amqp_client started on node nonode@nohost
2020-03-30 00:00:16.037 [info] <0.43.0> Application amqp started on node nonode@nohost
2020-03-30 00:00:16.037 [info] <0.43.0> Application broadway_rabbitmq started on node nonode@nohost
2020-03-30 00:00:16.038 [info] <0.43.0> Application gen_rmq started on node nonode@nohost
2020-03-30 00:00:16.039 [info] <0.43.0> Application poolboy started on node nonode@nohost
2020-03-30 00:00:16.040 [info] <0.43.0> Application poison started on node nonode@nohost
2020-03-30 00:00:16.040 [info] <0.43.0> Application instream started on node nonode@nohost
2020-03-30 00:00:16.188 [info] <0.43.0> Application covid19_influx started on node nonode@nohost
2020-03-30 00:13:26.504 [info] <0.43.0> Application lager started on node nonode@nohost
2020-03-30 00:13:26.509 [info] <0.43.0> Application xmerl started on node nonode@nohost
2020-03-30 00:13:26.517 [info] <0.43.0> Application sasl started on node nonode@nohost
2020-03-30 00:13:26.519 [info] <0.43.0> Application tools started on node nonode@nohost
2020-03-30 00:13:26.519 [info] <0.43.0> Application jsx started on node nonode@nohost
2020-03-30 00:13:26.522 [info] <0.43.0> Application ranch started on node nonode@nohost
2020-03-30 00:13:26.523 [info] <0.43.0> Application recon started on node nonode@nohost
2020-03-30 00:13:26.538 [info] <0.43.0> Application credentials_obfuscation started on node nonode@nohost
2020-03-30 00:13:26.538 [info] <0.43.0> Application rabbit_common started on node nonode@nohost
2020-03-30 00:13:26.544 [info] <0.43.0> Application amqp_client started on node nonode@nohost
2020-03-30 00:13:26.546 [info] <0.43.0> Application amqp started on node nonode@nohost
2020-03-30 00:13:26.546 [info] <0.43.0> Application broadway_rabbitmq started on node nonode@nohost
2020-03-30 00:13:26.546 [info] <0.43.0> Application gen_rmq started on node nonode@nohost
2020-03-30 00:13:26.548 [info] <0.43.0> Application poolboy started on node nonode@nohost
2020-03-30 00:13:26.549 [info] <0.43.0> Application poison started on node nonode@nohost
2020-03-30 00:13:26.549 [info] <0.43.0> Application instream started on node nonode@nohost
2020-03-30 00:13:26.693 [info] <0.43.0> Application covid19_influx started on node nonode@nohost
2020-03-30 00:14:20.966 [info] <0.43.0> Application lager started on node nonode@nohost
2020-03-30 00:14:20.971 [info] <0.43.0> Application xmerl started on node nonode@nohost
2020-03-30 00:14:20.979 [info] <0.43.0> Application sasl started on node nonode@nohost
2020-03-30 00:14:20.981 [info] <0.43.0> Application tools started on node nonode@nohost
2020-03-30 00:14:20.982 [info] <0.43.0> Application jsx started on node nonode@nohost
2020-03-30 00:14:20.985 [info] <0.43.0> Application ranch started on node nonode@nohost
2020-03-30 00:14:20.986 [info] <0.43.0> Application recon started on node nonode@nohost
2020-03-30 00:14:21.002 [info] <0.43.0> Application credentials_obfuscation started on node nonode@nohost
2020-03-30 00:14:21.002 [info] <0.43.0> Application rabbit_common started on node nonode@nohost
2020-03-30 00:14:21.007 [info] <0.43.0> Application amqp_client started on node nonode@nohost
2020-03-30 00:14:21.009 [info] <0.43.0> Application amqp started on node nonode@nohost
2020-03-30 00:14:21.009 [info] <0.43.0> Application broadway_rabbitmq started on node nonode@nohost
2020-03-30 00:14:21.009 [info] <0.43.0> Application gen_rmq started on node nonode@nohost
2020-03-30 00:14:21.011 [info] <0.43.0> Application poolboy started on node nonode@nohost
2020-03-30 00:14:21.012 [info] <0.43.0> Application poison started on node nonode@nohost
2020-03-30 00:14:21.012 [info] <0.43.0> Application instream started on node nonode@nohost
2020-03-30 00:14:21.204 [info] <0.43.0> Application covid19_influx started on node nonode@nohost
2020-03-30 00:16:18.953 [info] <0.43.0> Application lager started on node nonode@nohost
2020-03-30 00:16:18.958 [info] <0.43.0> Application xmerl started on node nonode@nohost
2020-03-30 00:16:18.966 [info] <0.43.0> Application sasl started on node nonode@nohost
2020-03-30 00:16:18.969 [info] <0.43.0> Application tools started on node nonode@nohost
2020-03-30 00:16:18.969 [info] <0.43.0> Application jsx started on node nonode@nohost
2020-03-30 00:16:18.973 [info] <0.43.0> Application ranch started on node nonode@nohost
2020-03-30 00:16:18.974 [info] <0.43.0> Application recon started on node nonode@nohost
2020-03-30 00:16:18.991 [info] <0.43.0> Application credentials_obfuscation started on node nonode@nohost
2020-03-30 00:16:18.991 [info] <0.43.0> Application rabbit_common started on node nonode@nohost
2020-03-30 00:16:18.997 [info] <0.43.0> Application amqp_client started on node nonode@nohost
2020-03-30 00:16:18.998 [info] <0.43.0> Application amqp started on node nonode@nohost
2020-03-30 00:16:18.998 [info] <0.43.0> Application broadway_rabbitmq started on node nonode@nohost
2020-03-30 00:16:18.999 [info] <0.43.0> Application gen_rmq started on node nonode@nohost
2020-03-30 00:16:19.001 [info] <0.43.0> Application poolboy started on node nonode@nohost
2020-03-30 00:16:19.002 [info] <0.43.0> Application poison started on node nonode@nohost
2020-03-30 00:16:19.002 [info] <0.43.0> Application instream started on node nonode@nohost
2020-03-30 00:16:19.188 [info] <0.43.0> Application covid19_influx started on node nonode@nohost
2020-03-30 00:58:11.320 [info] <0.43.0> Application lager started on node nonode@nohost
2020-03-30 00:58:11.325 [info] <0.43.0> Application xmerl started on node nonode@nohost
2020-03-30 00:58:11.334 [info] <0.43.0> Application sasl started on node nonode@nohost
2020-03-30 00:58:11.336 [info] <0.43.0> Application tools started on node nonode@nohost
2020-03-30 00:58:11.336 [info] <0.43.0> Application jsx started on node nonode@nohost
2020-03-30 00:58:11.339 [info] <0.43.0> Application ranch started on node nonode@nohost
2020-03-30 00:58:11.340 [info] <0.43.0> Application recon started on node nonode@nohost
2020-03-30 00:58:11.357 [info] <0.43.0> Application credentials_obfuscation started on node nonode@nohost
2020-03-30 00:58:11.357 [info] <0.43.0> Application rabbit_common started on node nonode@nohost
2020-03-30 00:58:11.363 [info] <0.43.0> Application amqp_client started on node nonode@nohost
2020-03-30 00:58:11.365 [info] <0.43.0> Application amqp started on node nonode@nohost
2020-03-30 00:58:11.365 [info] <0.43.0> Application broadway_rabbitmq started on node nonode@nohost
2020-03-30 00:58:11.366 [info] <0.43.0> Application gen_rmq started on node nonode@nohost
2020-03-30 00:58:11.367 [info] <0.43.0> Application poolboy started on node nonode@nohost
2020-03-30 00:58:11.368 [info] <0.43.0> Application poison started on node nonode@nohost
2020-03-30 00:58:11.368 [info] <0.43.0> Application instream started on node nonode@nohost
2020-03-30 00:58:11.545 [info] <0.43.0> Application covid19_influx started on node nonode@nohost
2020-03-30 01:03:03.626 [info] <0.43.0> Application lager started on node nonode@nohost
2020-03-30 01:03:03.630 [info] <0.43.0> Application xmerl started on node nonode@nohost
2020-03-30 01:03:03.639 [info] <0.43.0> Application sasl started on node nonode@nohost
2020-03-30 01:03:03.641 [info] <0.43.0> Application tools started on node nonode@nohost
2020-03-30 01:03:03.642 [info] <0.43.0> Application jsx started on node nonode@nohost
2020-03-30 01:03:03.645 [info] <0.43.0> Application ranch started on node nonode@nohost
2020-03-30 01:03:03.646 [info] <0.43.0> Application recon started on node nonode@nohost
2020-03-30 01:03:03.662 [info] <0.43.0> Application credentials_obfuscation started on node nonode@nohost
2020-03-30 01:03:03.662 [info] <0.43.0> Application rabbit_common started on node nonode@nohost
2020-03-30 01:03:03.667 [info] <0.43.0> Application amqp_client started on node nonode@nohost
2020-03-30 01:03:03.669 [info] <0.43.0> Application amqp started on node nonode@nohost
2020-03-30 01:03:03.669 [info] <0.43.0> Application broadway_rabbitmq started on node nonode@nohost
2020-03-30 01:03:03.669 [info] <0.43.0> Application gen_rmq started on node nonode@nohost
2020-03-30 01:03:03.671 [info] <0.43.0> Application poolboy started on node nonode@nohost
2020-03-30 01:03:03.672 [info] <0.43.0> Application poison started on node nonode@nohost
2020-03-30 01:03:03.672 [info] <0.43.0> Application instream started on node nonode@nohost
2020-03-30 01:03:03.868 [info] <0.43.0> Application covid19_influx started on node nonode@nohost
2020-03-30 01:03:38.425 [info] <0.43.0> Application lager started on node nonode@nohost
2020-03-30 01:03:38.429 [info] <0.43.0> Application xmerl started on node nonode@nohost
2020-03-30 01:03:38.438 [info] <0.43.0> Application sasl started on node nonode@nohost
2020-03-30 01:03:38.440 [info] <0.43.0> Application tools started on node nonode@nohost
2020-03-30 01:03:38.441 [info] <0.43.0> Application jsx started on node nonode@nohost
2020-03-30 01:03:38.444 [info] <0.43.0> Application ranch started on node nonode@nohost
2020-03-30 01:03:38.445 [info] <0.43.0> Application recon started on node nonode@nohost
2020-03-30 01:03:38.462 [info] <0.43.0> Application credentials_obfuscation started on node nonode@nohost
2020-03-30 01:03:38.462 [info] <0.43.0> Application rabbit_common started on node nonode@nohost
2020-03-30 01:03:38.467 [info] <0.43.0> Application amqp_client started on node nonode@nohost
2020-03-30 01:03:38.469 [info] <0.43.0> Application amqp started on node nonode@nohost
2020-03-30 01:03:38.469 [info] <0.43.0> Application broadway_rabbitmq started on node nonode@nohost
2020-03-30 01:03:38.470 [info] <0.43.0> Application gen_rmq started on node nonode@nohost
2020-03-30 01:03:38.471 [info] <0.43.0> Application poolboy started on node nonode@nohost
2020-03-30 01:03:38.472 [info] <0.43.0> Application poison started on node nonode@nohost
2020-03-30 01:03:38.473 [info] <0.43.0> Application instream started on node nonode@nohost
2020-03-30 01:03:38.667 [info] <0.43.0> Application covid19_influx started on node nonode@nohost
2020-03-30 01:04:08.604 [info] <0.43.0> Application lager started on node nonode@nohost
2020-03-30 01:04:08.609 [info] <0.43.0> Application xmerl started on node nonode@nohost
2020-03-30 01:04:08.618 [info] <0.43.0> Application sasl started on node nonode@nohost
2020-03-30 01:04:08.620 [info] <0.43.0> Application tools started on node nonode@nohost
2020-03-30 01:04:08.621 [info] <0.43.0> Application jsx started on node nonode@nohost
2020-03-30 01:04:08.624 [info] <0.43.0> Application ranch started on node nonode@nohost
2020-03-30 01:04:08.625 [info] <0.43.0> Application recon started on node nonode@nohost
2020-03-30 01:04:08.641 [info] <0.43.0> Application credentials_obfuscation started on node nonode@nohost
2020-03-30 01:04:08.641 [info] <0.43.0> Application rabbit_common started on node nonode@nohost
2020-03-30 01:04:08.647 [info] <0.43.0> Application amqp_client started on node nonode@nohost
2020-03-30 01:04:08.648 [info] <0.43.0> Application amqp started on node nonode@nohost
2020-03-30 01:04:08.648 [info] <0.43.0> Application broadway_rabbitmq started on node nonode@nohost
2020-03-30 01:04:08.649 [info] <0.43.0> Application gen_rmq started on node nonode@nohost
2020-03-30 01:04:08.651 [info] <0.43.0> Application poolboy started on node nonode@nohost
2020-03-30 01:04:08.652 [info] <0.43.0> Application poison started on node nonode@nohost
2020-03-30 01:04:08.652 [info] <0.43.0> Application instream started on node nonode@nohost
2020-03-30 01:04:08.861 [info] <0.43.0> Application covid19_influx started on node nonode@nohost
2020-03-30 01:06:46.326 [info] <0.43.0> Application lager started on node nonode@nohost
2020-03-30 01:06:46.331 [info] <0.43.0> Application xmerl started on node nonode@nohost
2020-03-30 01:06:46.339 [info] <0.43.0> Application sasl started on node nonode@nohost
2020-03-30 01:06:46.341 [info] <0.43.0> Application tools started on node nonode@nohost
2020-03-30 01:06:46.342 [info] <0.43.0> Application jsx started on node nonode@nohost
2020-03-30 01:06:46.345 [info] <0.43.0> Application ranch started on node nonode@nohost
2020-03-30 01:06:46.346 [info] <0.43.0> Application recon started on node nonode@nohost
2020-03-30 01:06:46.364 [info] <0.43.0> Application credentials_obfuscation started on node nonode@nohost
2020-03-30 01:06:46.364 [info] <0.43.0> Application rabbit_common started on node nonode@nohost
2020-03-30 01:06:46.369 [info] <0.43.0> Application amqp_client started on node nonode@nohost
2020-03-30 01:06:46.371 [info] <0.43.0> Application amqp started on node nonode@nohost
2020-03-30 01:06:46.371 [info] <0.43.0> Application broadway_rabbitmq started on node nonode@nohost
2020-03-30 01:06:46.371 [info] <0.43.0> Application gen_rmq started on node nonode@nohost
2020-03-30 01:06:46.373 [info] <0.43.0> Application poolboy started on node nonode@nohost
2020-03-30 01:06:46.374 [info] <0.43.0> Application poison started on node nonode@nohost
2020-03-30 01:06:46.374 [info] <0.43.0> Application instream started on node nonode@nohost
2020-03-30 01:06:46.587 [info] <0.43.0> Application covid19_influx started on node nonode@nohost
2020-03-30 01:28:33.457 [info] <0.43.0> Application lager started on node nonode@nohost
2020-03-30 01:28:33.462 [info] <0.43.0> Application xmerl started on node nonode@nohost
2020-03-30 01:28:33.471 [info] <0.43.0> Application sasl started on node nonode@nohost
2020-03-30 01:28:33.473 [info] <0.43.0> Application tools started on node nonode@nohost
2020-03-30 01:28:33.474 [info] <0.43.0> Application jsx started on node nonode@nohost
2020-03-30 01:28:33.478 [info] <0.43.0> Application ranch started on node nonode@nohost
2020-03-30 01:28:33.478 [info] <0.43.0> Application recon started on node nonode@nohost
2020-03-30 01:28:33.496 [info] <0.43.0> Application credentials_obfuscation started on node nonode@nohost
2020-03-30 01:28:33.496 [info] <0.43.0> Application rabbit_common started on node nonode@nohost
2020-03-30 01:28:33.502 [info] <0.43.0> Application amqp_client started on node nonode@nohost
2020-03-30 01:28:33.503 [info] <0.43.0> Application amqp started on node nonode@nohost
2020-03-30 01:28:33.503 [info] <0.43.0> Application broadway_rabbitmq started on node nonode@nohost
2020-03-30 01:28:33.504 [info] <0.43.0> Application gen_rmq started on node nonode@nohost
2020-03-30 01:28:33.505 [info] <0.43.0> Application poolboy started on node nonode@nohost
2020-03-30 01:28:33.506 [info] <0.43.0> Application poison started on node nonode@nohost
2020-03-30 01:28:33.506 [info] <0.43.0> Application instream started on node nonode@nohost
2020-03-30 01:28:33.679 [info] <0.43.0> Application covid19_influx started on node nonode@nohost
2020-03-30 01:31:50.929 [info] <0.43.0> Application lager started on node nonode@nohost
2020-03-30 01:31:50.933 [info] <0.43.0> Application xmerl started on node nonode@nohost
2020-03-30 01:31:50.942 [info] <0.43.0> Application sasl started on node nonode@nohost
2020-03-30 01:31:50.945 [info] <0.43.0> Application tools started on node nonode@nohost
2020-03-30 01:31:50.945 [info] <0.43.0> Application jsx started on node nonode@nohost
2020-03-30 01:31:50.949 [info] <0.43.0> Application ranch started on node nonode@nohost
2020-03-30 01:31:50.949 [info] <0.43.0> Application recon started on node nonode@nohost
2020-03-30 01:31:50.966 [info] <0.43.0> Application credentials_obfuscation started on node nonode@nohost
2020-03-30 01:31:50.966 [info] <0.43.0> Application rabbit_common started on node nonode@nohost
2020-03-30 01:31:50.971 [info] <0.43.0> Application amqp_client started on node nonode@nohost
2020-03-30 01:31:50.973 [info] <0.43.0> Application amqp started on node nonode@nohost
2020-03-30 01:31:50.973 [info] <0.43.0> Application broadway_rabbitmq started on node nonode@nohost
2020-03-30 01:31:50.973 [info] <0.43.0> Application gen_rmq started on node nonode@nohost
2020-03-30 01:31:50.975 [info] <0.43.0> Application poolboy started on node nonode@nohost
2020-03-30 01:31:50.976 [info] <0.43.0> Application poison started on node nonode@nohost
2020-03-30 01:31:50.976 [info] <0.43.0> Application instream started on node nonode@nohost
2020-03-30 01:31:51.186 [info] <0.43.0> Application covid19_influx started on node nonode@nohost
2020-03-30 01:32:09.090 [info] <0.43.0> Application lager started on node nonode@nohost
2020-03-30 01:32:09.094 [info] <0.43.0> Application xmerl started on node nonode@nohost
2020-03-30 01:32:09.103 [info] <0.43.0> Application sasl started on node nonode@nohost
2020-03-30 01:32:09.105 [info] <0.43.0> Application tools started on node nonode@nohost
2020-03-30 01:32:09.105 [info] <0.43.0> Application jsx started on node nonode@nohost
2020-03-30 01:32:09.109 [info] <0.43.0> Application ranch started on node nonode@nohost
2020-03-30 01:32:09.110 [info] <0.43.0> Application recon started on node nonode@nohost
2020-03-30 01:32:09.126 [info] <0.43.0> Application credentials_obfuscation started on node nonode@nohost
2020-03-30 01:32:09.126 [info] <0.43.0> Application rabbit_common started on node nonode@nohost
2020-03-30 01:32:09.131 [info] <0.43.0> Application amqp_client started on node nonode@nohost
2020-03-30 01:32:09.132 [info] <0.43.0> Application amqp started on node nonode@nohost
2020-03-30 01:32:09.132 [info] <0.43.0> Application broadway_rabbitmq started on node nonode@nohost
2020-03-30 01:32:09.133 [info] <0.43.0> Application gen_rmq started on node nonode@nohost
2020-03-30 01:32:09.134 [info] <0.43.0> Application poolboy started on node nonode@nohost
2020-03-30 01:32:09.135 [info] <0.43.0> Application poison started on node nonode@nohost
2020-03-30 01:32:09.135 [info] <0.43.0> Application instream started on node nonode@nohost
2020-03-30 01:32:09.228 [error] <0.333.0> Supervisor 'Elixir.Covid19Influx.Supervisor' had child 'Elixir.Covid19Influx.DatesProcessor' started with 'Elixir.Covid19Influx.DatesProcessor':start_link([]) at undefined exit with reason {'EXIT',{#{'__exception__' => true,'__struct__' => 'Elixir.ArgumentError',message => <<"invalid configuration given to Broadway.start_link/2, unknown options [:default], valid options are: [:module, :stages, :concurrency, :transformer, :spawn_opt, :hibernate_after, :rate_limiting]">>},[{'Elixir.Broadway',start_link,2,[{file,"lib/broadway.ex"},{line,832}]},{supervisor,do_start_child_i,3,[{file,"supervisor.erl"},{line,379}]},{supervisor,do_start_child,2,[{file,"supervisor.erl"},{line,365}]},{supervisor,...},...]}} in context start_error
2020-03-30 01:32:48.861 [info] <0.43.0> Application lager started on node nonode@nohost
2020-03-30 01:32:48.866 [info] <0.43.0> Application xmerl started on node nonode@nohost
2020-03-30 01:32:48.875 [info] <0.43.0> Application sasl started on node nonode@nohost
2020-03-30 01:32:48.877 [info] <0.43.0> Application tools started on node nonode@nohost
2020-03-30 01:32:48.877 [info] <0.43.0> Application jsx started on node nonode@nohost
2020-03-30 01:32:48.881 [info] <0.43.0> Application ranch started on node nonode@nohost
2020-03-30 01:32:48.881 [info] <0.43.0> Application recon started on node nonode@nohost
2020-03-30 01:32:48.898 [info] <0.43.0> Application credentials_obfuscation started on node nonode@nohost
2020-03-30 01:32:48.898 [info] <0.43.0> Application rabbit_common started on node nonode@nohost
2020-03-30 01:32:48.903 [info] <0.43.0> Application amqp_client started on node nonode@nohost
2020-03-30 01:32:48.904 [info] <0.43.0> Application amqp started on node nonode@nohost
2020-03-30 01:32:48.904 [info] <0.43.0> Application broadway_rabbitmq started on node nonode@nohost
2020-03-30 01:32:48.905 [info] <0.43.0> Application gen_rmq started on node nonode@nohost
2020-03-30 01:32:48.907 [info] <0.43.0> Application poolboy started on node nonode@nohost
2020-03-30 01:32:48.908 [info] <0.43.0> Application poison started on node nonode@nohost
2020-03-30 01:32:48.908 [info] <0.43.0> Application instream started on node nonode@nohost
2020-03-30 01:32:49.103 [info] <0.43.0> Application covid19_influx started on node nonode@nohost
2020-03-30 01:43:48.551 [info] <0.43.0> Application lager started on node nonode@nohost
2020-03-30 01:43:48.555 [info] <0.43.0> Application xmerl started on node nonode@nohost
2020-03-30 01:43:48.563 [info] <0.43.0> Application sasl started on node nonode@nohost
2020-03-30 01:43:48.566 [info] <0.43.0> Application tools started on node nonode@nohost
2020-03-30 01:43:48.566 [info] <0.43.0> Application jsx started on node nonode@nohost
2020-03-30 01:43:48.570 [info] <0.43.0> Application ranch started on node nonode@nohost
2020-03-30 01:43:48.571 [info] <0.43.0> Application recon started on node nonode@nohost
2020-03-30 01:43:48.588 [info] <0.43.0> Application credentials_obfuscation started on node nonode@nohost
2020-03-30 01:43:48.588 [info] <0.43.0> Application rabbit_common started on node nonode@nohost
2020-03-30 01:43:48.593 [info] <0.43.0> Application amqp_client started on node nonode@nohost
2020-03-30 01:43:48.594 [info] <0.43.0> Application amqp started on node nonode@nohost
2020-03-30 01:43:48.594 [info] <0.43.0> Application broadway_rabbitmq started on node nonode@nohost
2020-03-30 01:43:48.595 [info] <0.43.0> Application gen_rmq started on node nonode@nohost
2020-03-30 01:43:48.596 [info] <0.43.0> Application poolboy started on node nonode@nohost
2020-03-30 01:43:48.597 [info] <0.43.0> Application poison started on node nonode@nohost
2020-03-30 01:43:48.598 [info] <0.43.0> Application instream started on node nonode@nohost
2020-03-30 01:43:48.701 [error] <0.338.0> Supervisor 'Elixir.Covid19Influx.Supervisor' had child 'Elixir.Covid19Influx.StatsProcessor' started with 'Elixir.Covid19Influx.StatsProcessor':start_link([]) at undefined exit with reason {'EXIT',{#{'__exception__' => true,'__struct__' => 'Elixir.ArgumentError',message => <<"invalid configuration given to Broadway.start_link/2, expected :concurrency to be a keyword list, got: 5">>},[{'Elixir.Broadway',start_link,2,[{file,"lib/broadway.ex"},{line,832}]},{supervisor,do_start_child_i,3,[{file,"supervisor.erl"},{line,379}]},{supervisor,do_start_child,2,[{file,"supervisor.erl"},{line,365}]},{supervisor,'-start_children/2-fun-0-',3,[{file,"supervisor.erl"},{line,349}]},{supervisor,...},...]}} in context start_error
2020-03-30 01:43:48.761 [error] <0.336.0> CRASH REPORT Process <0.336.0> with 0 neighbours exited with reason: {{shutdown,{failed_to_start_child,'Elixir.Covid19Influx.StatsProcessor',{'EXIT',{#{'__exception__' => true,'__struct__' => 'Elixir.ArgumentError',message => <<"invalid configuration given to Broadway.start_link/2, expected :concurrency to be a keyword list, got: 5">>},[{'Elixir.Broadway',start_link,2,[{file,"lib/broadway.ex"},{line,832}]},{supervisor,do_start_child_i,3,[{file,"supervisor.erl"},{line,379}]},{supervisor,do_start_child,2,[{file,"supervisor.erl"},{line,365}]},{supervisor,'-start_children/2-fun-0-',...},...]}}}},...} in application_master:init/4 line 138
2020-03-30 01:45:25.725 [info] <0.43.0> Application lager started on node nonode@nohost
2020-03-30 01:45:25.730 [info] <0.43.0> Application xmerl started on node nonode@nohost
2020-03-30 01:45:25.738 [info] <0.43.0> Application sasl started on node nonode@nohost
2020-03-30 01:45:25.741 [info] <0.43.0> Application tools started on node nonode@nohost
2020-03-30 01:45:25.742 [info] <0.43.0> Application jsx started on node nonode@nohost
2020-03-30 01:45:25.746 [info] <0.43.0> Application ranch started on node nonode@nohost
2020-03-30 01:45:25.746 [info] <0.43.0> Application recon started on node nonode@nohost
2020-03-30 01:45:25.764 [info] <0.43.0> Application credentials_obfuscation started on node nonode@nohost
2020-03-30 01:45:25.764 [info] <0.43.0> Application rabbit_common started on node nonode@nohost
2020-03-30 01:45:25.769 [info] <0.43.0> Application amqp_client started on node nonode@nohost
2020-03-30 01:45:25.770 [info] <0.43.0> Application amqp started on node nonode@nohost
2020-03-30 01:45:25.771 [info] <0.43.0> Application broadway_rabbitmq started on node nonode@nohost
2020-03-30 01:45:25.771 [info] <0.43.0> Application gen_rmq started on node nonode@nohost
2020-03-30 01:45:25.773 [info] <0.43.0> Application poolboy started on node nonode@nohost
2020-03-30 01:45:25.774 [info] <0.43.0> Application poison started on node nonode@nohost
2020-03-30 01:45:25.774 [info] <0.43.0> Application instream started on node nonode@nohost
2020-03-30 01:45:25.956 [info] <0.43.0> Application covid19_influx started on node nonode@nohost
2020-03-30 01:45:45.357 [info] <0.43.0> Application lager started on node nonode@nohost
2020-03-30 01:45:45.362 [info] <0.43.0> Application xmerl started on node nonode@nohost
2020-03-30 01:45:45.370 [info] <0.43.0> Application sasl started on node nonode@nohost
2020-03-30 01:45:45.373 [info] <0.43.0> Application tools started on node nonode@nohost
2020-03-30 01:45:45.373 [info] <0.43.0> Application jsx started on node nonode@nohost
2020-03-30 01:45:45.377 [info] <0.43.0> Application ranch started on node nonode@nohost
2020-03-30 01:45:45.377 [info] <0.43.0> Application recon started on node nonode@nohost
2020-03-30 01:45:45.394 [info] <0.43.0> Application credentials_obfuscation started on node nonode@nohost
2020-03-30 01:45:45.394 [info] <0.43.0> Application rabbit_common started on node nonode@nohost
2020-03-30 01:45:45.399 [info] <0.43.0> Application amqp_client started on node nonode@nohost
2020-03-30 01:45:45.401 [info] <0.43.0> Application amqp started on node nonode@nohost
2020-03-30 01:45:45.401 [info] <0.43.0> Application broadway_rabbitmq started on node nonode@nohost
2020-03-30 01:45:45.401 [info] <0.43.0> Application gen_rmq started on node nonode@nohost
2020-03-30 01:45:45.403 [info] <0.43.0> Application poolboy started on node nonode@nohost
2020-03-30 01:45:45.404 [info] <0.43.0> Application poison started on node nonode@nohost
2020-03-30 01:45:45.404 [info] <0.43.0> Application instream started on node nonode@nohost
2020-03-30 01:45:45.604 [info] <0.43.0> Application covid19_influx started on node nonode@nohost
2020-03-30 01:47:53.804 [info] <0.43.0> Application lager started on node nonode@nohost
2020-03-30 01:47:53.808 [info] <0.43.0> Application xmerl started on node nonode@nohost
2020-03-30 01:47:53.816 [info] <0.43.0> Application sasl started on node nonode@nohost
2020-03-30 01:47:53.818 [info] <0.43.0> Application tools started on node nonode@nohost
2020-03-30 01:47:53.819 [info] <0.43.0> Application jsx started on node nonode@nohost
2020-03-30 01:47:53.822 [info] <0.43.0> Application ranch started on node nonode@nohost
2020-03-30 01:47:53.823 [info] <0.43.0> Application recon started on node nonode@nohost
2020-03-30 01:47:53.838 [info] <0.43.0> Application credentials_obfuscation started on node nonode@nohost
2020-03-30 01:47:53.838 [info] <0.43.0> Application rabbit_common started on node nonode@nohost
2020-03-30 01:47:53.845 [info] <0.43.0> Application amqp_client started on node nonode@nohost
2020-03-30 01:47:53.846 [info] <0.43.0> Application amqp started on node nonode@nohost
2020-03-30 01:47:53.846 [info] <0.43.0> Application broadway_rabbitmq started on node nonode@nohost
2020-03-30 01:47:53.847 [info] <0.43.0> Application gen_rmq started on node nonode@nohost
2020-03-30 01:47:53.848 [info] <0.43.0> Application poolboy started on node nonode@nohost
2020-03-30 01:47:53.849 [info] <0.43.0> Application poison started on node nonode@nohost
2020-03-30 01:47:53.849 [info] <0.43.0> Application instream started on node nonode@nohost
2020-03-30 01:47:54.038 [info] <0.43.0> Application covid19_influx started on node nonode@nohost
2020-03-30 01:48:13.374 [info] <0.43.0> Application lager started on node nonode@nohost
2020-03-30 01:48:13.379 [info] <0.43.0> Application xmerl started on node nonode@nohost
2020-03-30 01:48:13.386 [info] <0.43.0> Application sasl started on node nonode@nohost
2020-03-30 01:48:13.388 [info] <0.43.0> Application tools started on node nonode@nohost
2020-03-30 01:48:13.389 [info] <0.43.0> Application jsx started on node nonode@nohost
2020-03-30 01:48:13.392 [info] <0.43.0> Application ranch started on node nonode@nohost
2020-03-30 01:48:13.392 [info] <0.43.0> Application recon started on node nonode@nohost
2020-03-30 01:48:13.409 [info] <0.43.0> Application credentials_obfuscation started on node nonode@nohost
2020-03-30 01:48:13.409 [info] <0.43.0> Application rabbit_common started on node nonode@nohost
2020-03-30 01:48:13.415 [info] <0.43.0> Application amqp_client started on node nonode@nohost
2020-03-30 01:48:13.416 [info] <0.43.0> Application amqp started on node nonode@nohost
2020-03-30 01:48:13.416 [info] <0.43.0> Application broadway_rabbitmq started on node nonode@nohost
2020-03-30 01:48:13.417 [info] <0.43.0> Application gen_rmq started on node nonode@nohost
2020-03-30 01:48:13.418 [info] <0.43.0> Application poolboy started on node nonode@nohost
2020-03-30 01:48:13.419 [info] <0.43.0> Application poison started on node nonode@nohost
2020-03-30 01:48:13.419 [info] <0.43.0> Application instream started on node nonode@nohost
2020-03-30 01:48:13.594 [info] <0.43.0> Application covid19_influx started on node nonode@nohost
2020-03-30 01:51:41.438 [info] <0.43.0> Application lager started on node nonode@nohost
2020-03-30 01:51:41.443 [info] <0.43.0> Application xmerl started on node nonode@nohost
2020-03-30 01:51:41.451 [info] <0.43.0> Application sasl started on node nonode@nohost
2020-03-30 01:51:41.453 [info] <0.43.0> Application tools started on node nonode@nohost
2020-03-30 01:51:41.453 [info] <0.43.0> Application jsx started on node nonode@nohost
2020-03-30 01:51:41.456 [info] <0.43.0> Application ranch started on node nonode@nohost
2020-03-30 01:51:41.457 [info] <0.43.0> Application recon started on node nonode@nohost
2020-03-30 01:51:41.473 [info] <0.43.0> Application credentials_obfuscation started on node nonode@nohost
2020-03-30 01:51:41.473 [info] <0.43.0> Application rabbit_common started on node nonode@nohost
2020-03-30 01:51:41.479 [info] <0.43.0> Application amqp_client started on node nonode@nohost
2020-03-30 01:51:41.481 [info] <0.43.0> Application amqp started on node nonode@nohost
2020-03-30 01:51:41.481 [info] <0.43.0> Application broadway_rabbitmq started on node nonode@nohost
2020-03-30 01:51:41.481 [info] <0.43.0> Application gen_rmq started on node nonode@nohost
2020-03-30 01:51:41.483 [info] <0.43.0> Application poolboy started on node nonode@nohost
2020-03-30 01:51:41.484 [info] <0.43.0> Application poison started on node nonode@nohost
2020-03-30 01:51:41.484 [info] <0.43.0> Application instream started on node nonode@nohost
2020-03-30 01:51:41.677 [info] <0.43.0> Application covid19_influx started on node nonode@nohost
2020-03-30 01:55:49.267 [info] <0.43.0> Application lager started on node nonode@nohost
2020-03-30 01:55:49.272 [info] <0.43.0> Application xmerl started on node nonode@nohost
2020-03-30 01:55:49.281 [info] <0.43.0> Application sasl started on node nonode@nohost
2020-03-30 01:55:49.284 [info] <0.43.0> Application tools started on node nonode@nohost
2020-03-30 01:55:49.284 [info] <0.43.0> Application jsx started on node nonode@nohost
2020-03-30 01:55:49.288 [info] <0.43.0> Application ranch started on node nonode@nohost
2020-03-30 01:55:49.289 [info] <0.43.0> Application recon started on node nonode@nohost
2020-03-30 01:55:49.305 [info] <0.43.0> Application credentials_obfuscation started on node nonode@nohost
2020-03-30 01:55:49.305 [info] <0.43.0> Application rabbit_common started on node nonode@nohost
2020-03-30 01:55:49.311 [info] <0.43.0> Application amqp_client started on node nonode@nohost
2020-03-30 01:55:49.313 [info] <0.43.0> Application amqp started on node nonode@nohost
2020-03-30 01:55:49.313 [info] <0.43.0> Application broadway_rabbitmq started on node nonode@nohost
2020-03-30 01:55:49.313 [info] <0.43.0> Application gen_rmq started on node nonode@nohost
2020-03-30 01:55:49.315 [info] <0.43.0> Application poolboy started on node nonode@nohost
2020-03-30 01:55:49.316 [info] <0.43.0> Application poison started on node nonode@nohost
2020-03-30 01:55:49.316 [info] <0.43.0> Application instream started on node nonode@nohost
2020-03-30 01:55:49.506 [error] <0.366.0> gen_server 'Elixir.Covid19Influx.StatsProcessor.Broadway.Producer_0' terminated with reason: {{shutdown,{server_initiated_close,404,<<"NOT_FOUND - no queue 'bulk_data' in vhost '/'">>}},{gen_server,call,[<0.412.0>,{subscribe,{'basic.consume',0,<<"bulk_data">>,<<>>,false,false,false,false,[]},<0.418.0>},60000]}} in gen_server:call/3 line 223
2020-03-30 01:55:49.506 [error] <0.349.0> gen_server 'Elixir.Covid19Influx.DatesProcessor.Broadway.Producer_0' terminated with reason: {{shutdown,{server_initiated_close,404,<<"NOT_FOUND - no queue 'dates_queue' in vhost '/'">>}},{gen_server,call,[<0.413.0>,{subscribe,{'basic.consume',0,<<"dates_queue">>,<<>>,false,false,false,false,[]},<0.417.0>},60000]}} in gen_server:call/3 line 223
2020-03-30 01:55:49.520 [error] <0.366.0> CRASH REPORT Process 'Elixir.Covid19Influx.StatsProcessor.Broadway.Producer_0' with 0 neighbours exited with reason: {{shutdown,{server_initiated_close,404,<<"NOT_FOUND - no queue 'bulk_data' in vhost '/'">>}},{gen_server,call,[<0.412.0>,{subscribe,{'basic.consume',0,<<"bulk_data">>,<<>>,false,false,false,false,[]},<0.418.0>},60000]}} in gen_server:call/3 line 223
2020-03-30 01:55:49.520 [error] <0.349.0> CRASH REPORT Process 'Elixir.Covid19Influx.DatesProcessor.Broadway.Producer_0' with 0 neighbours exited with reason: {{shutdown,{server_initiated_close,404,<<"NOT_FOUND - no queue 'dates_queue' in vhost '/'">>}},{gen_server,call,[<0.413.0>,{subscribe,{'basic.consume',0,<<"dates_queue">>,<<>>,false,false,false,false,[]},<0.417.0>},60000]}} in gen_server:call/3 line 223
2020-03-30 01:55:49.520 [error] <0.365.0> Supervisor 'Elixir.Covid19Influx.StatsProcessor.Broadway.ProducerSupervisor' had child 'Elixir.Covid19Influx.StatsProcessor.Broadway.Producer_0' started with 'Elixir.Broadway.Producer':start_link([{broadway,[{hibernate_after,15000},{batchers,[]},{context,context_not_set},{resubscribe_interval,...},...]},...], 0, [{name,'Elixir.Covid19Influx.StatsProcessor.Broadway.Producer_0'},{hibernate_after,15000}]) at <0.366.0> exit with reason {{shutdown,{server_initiated_close,404,<<"NOT_FOUND - no queue 'bulk_data' in vhost '/'">>}},{gen_server,call,[<0.412.0>,{subscribe,{'basic.consume',0,<<"bulk_data">>,<<>>,false,false,false,false,[]},<0.418.0>},60000]}} in context child_terminated
2020-03-30 01:55:49.520 [error] <0.348.0> Supervisor 'Elixir.Covid19Influx.DatesProcessor.Broadway.ProducerSupervisor' had child 'Elixir.Covid19Influx.DatesProcessor.Broadway.Producer_0' started with 'Elixir.Broadway.Producer':start_link([{broadway,[{hibernate_after,15000},{context,context_not_set},{resubscribe_interval,100},{max_seconds,...},...]},...], 0, [{name,'Elixir.Covid19Influx.DatesProcessor.Broadway.Producer_0'},{hibernate_after,15000}]) at <0.349.0> exit with reason {{shutdown,{server_initiated_close,404,<<"NOT_FOUND - no queue 'dates_queue' in vhost '/'">>}},{gen_server,call,[<0.413.0>,{subscribe,{'basic.consume',0,<<"dates_queue">>,<<>>,false,false,false,false,[]},<0.417.0>},60000]}} in context child_terminated
2020-03-30 01:55:49.553 [info] <0.43.0> Application covid19_influx started on node nonode@nohost
2020-03-30 02:03:30.065 [info] <0.43.0> Application lager started on node nonode@nohost
2020-03-30 02:03:30.069 [info] <0.43.0> Application xmerl started on node nonode@nohost
2020-03-30 02:03:30.077 [info] <0.43.0> Application sasl started on node nonode@nohost
2020-03-30 02:03:30.079 [info] <0.43.0> Application tools started on node nonode@nohost
2020-03-30 02:03:30.080 [info] <0.43.0> Application jsx started on node nonode@nohost
2020-03-30 02:03:30.083 [info] <0.43.0> Application ranch started on node nonode@nohost
2020-03-30 02:03:30.084 [info] <0.43.0> Application recon started on node nonode@nohost
2020-03-30 02:03:30.100 [info] <0.43.0> Application credentials_obfuscation started on node nonode@nohost
2020-03-30 02:03:30.100 [info] <0.43.0> Application rabbit_common started on node nonode@nohost
2020-03-30 02:03:30.104 [info] <0.43.0> Application amqp_client started on node nonode@nohost
2020-03-30 02:03:30.106 [info] <0.43.0> Application amqp started on node nonode@nohost
2020-03-30 02:03:30.106 [info] <0.43.0> Application broadway_rabbitmq started on node nonode@nohost
2020-03-30 02:03:30.106 [info] <0.43.0> Application gen_rmq started on node nonode@nohost
2020-03-30 02:03:30.108 [info] <0.43.0> Application poolboy started on node nonode@nohost
2020-03-30 02:03:30.109 [info] <0.43.0> Application poison started on node nonode@nohost
2020-03-30 02:03:30.109 [info] <0.43.0> Application instream started on node nonode@nohost
2020-03-30 02:03:30.292 [info] <0.43.0> Application covid19_influx started on node nonode@nohost
2020-03-30 02:13:02.912 [info] <0.43.0> Application lager started on node nonode@nohost
2020-03-30 02:13:02.916 [info] <0.43.0> Application xmerl started on node nonode@nohost
2020-03-30 02:13:02.925 [info] <0.43.0> Application sasl started on node nonode@nohost
2020-03-30 02:13:02.927 [info] <0.43.0> Application tools started on node nonode@nohost
2020-03-30 02:13:02.928 [info] <0.43.0> Application jsx started on node nonode@nohost
2020-03-30 02:13:02.931 [info] <0.43.0> Application ranch started on node nonode@nohost
2020-03-30 02:13:02.932 [info] <0.43.0> Application recon started on node nonode@nohost
2020-03-30 02:13:02.949 [info] <0.43.0> Application credentials_obfuscation started on node nonode@nohost
2020-03-30 02:13:02.949 [info] <0.43.0> Application rabbit_common started on node nonode@nohost
2020-03-30 02:13:02.955 [info] <0.43.0> Application amqp_client started on node nonode@nohost
2020-03-30 02:13:02.957 [info] <0.43.0> Application amqp started on node nonode@nohost
2020-03-30 02:13:02.957 [info] <0.43.0> Application broadway_rabbitmq started on node nonode@nohost
2020-03-30 02:13:02.957 [info] <0.43.0> Application gen_rmq started on node nonode@nohost
2020-03-30 02:13:02.959 [info] <0.43.0> Application poolboy started on node nonode@nohost
2020-03-30 02:13:02.960 [info] <0.43.0> Application poison started on node nonode@nohost
2020-03-30 02:13:02.961 [info] <0.43.0> Application instream started on node nonode@nohost
2020-03-30 02:13:03.164 [info] <0.43.0> Application covid19_influx started on node nonode@nohost
2020-03-30 02:13:30.446 [info] <0.43.0> Application lager started on node nonode@nohost
2020-03-30 02:13:30.451 [info] <0.43.0> Application xmerl started on node nonode@nohost
2020-03-30 02:13:30.460 [info] <0.43.0> Application sasl started on node nonode@nohost
2020-03-30 02:13:30.463 [info] <0.43.0> Application tools started on node nonode@nohost
2020-03-30 02:13:30.463 [info] <0.43.0> Application jsx started on node nonode@nohost
2020-03-30 02:13:30.467 [info] <0.43.0> Application ranch started on node nonode@nohost
2020-03-30 02:13:30.468 [info] <0.43.0> Application recon started on node nonode@nohost
2020-03-30 02:13:30.485 [info] <0.43.0> Application credentials_obfuscation started on node nonode@nohost
2020-03-30 02:13:30.485 [info] <0.43.0> Application rabbit_common started on node nonode@nohost
2020-03-30 02:13:30.491 [info] <0.43.0> Application amqp_client started on node nonode@nohost
2020-03-30 02:13:30.493 [info] <0.43.0> Application amqp started on node nonode@nohost
2020-03-30 02:13:30.493 [info] <0.43.0> Application broadway_rabbitmq started on node nonode@nohost
2020-03-30 02:13:30.494 [info] <0.43.0> Application gen_rmq started on node nonode@nohost
2020-03-30 02:13:30.495 [info] <0.43.0> Application poolboy started on node nonode@nohost
2020-03-30 02:13:30.497 [info] <0.43.0> Application poison started on node nonode@nohost
2020-03-30 02:13:30.497 [info] <0.43.0> Application instream started on node nonode@nohost
2020-03-30 02:13:30.676 [info] <0.43.0> Application covid19_influx started on node nonode@nohost
2020-03-30 02:16:29.371 [info] <0.43.0> Application lager started on node nonode@nohost
2020-03-30 02:16:29.377 [info] <0.43.0> Application xmerl started on node nonode@nohost
2020-03-30 02:16:29.386 [info] <0.43.0> Application sasl started on node nonode@nohost
2020-03-30 02:16:29.389 [info] <0.43.0> Application tools started on node nonode@nohost
2020-03-30 02:16:29.390 [info] <0.43.0> Application jsx started on node nonode@nohost
2020-03-30 02:16:29.394 [info] <0.43.0> Application ranch started on node nonode@nohost
2020-03-30 02:16:29.395 [info] <0.43.0> Application recon started on node nonode@nohost
2020-03-30 02:16:29.412 [info] <0.43.0> Application credentials_obfuscation started on node nonode@nohost
2020-03-30 02:16:29.412 [info] <0.43.0> Application rabbit_common started on node nonode@nohost
2020-03-30 02:16:29.417 [info] <0.43.0> Application amqp_client started on node nonode@nohost
2020-03-30 02:16:29.419 [info] <0.43.0> Application amqp started on node nonode@nohost
2020-03-30 02:16:29.419 [info] <0.43.0> Application broadway_rabbitmq started on node nonode@nohost
2020-03-30 02:16:29.420 [info] <0.43.0> Application gen_rmq started on node nonode@nohost
2020-03-30 02:16:29.421 [info] <0.43.0> Application poolboy started on node nonode@nohost
2020-03-30 02:16:29.422 [info] <0.43.0> Application poison started on node nonode@nohost
2020-03-30 02:16:29.422 [info] <0.43.0> Application instream started on node nonode@nohost
2020-03-30 02:16:29.597 [info] <0.43.0> Application covid19_influx started on node nonode@nohost
2020-03-30 02:16:47.549 [info] <0.43.0> Application lager started on node nonode@nohost
2020-03-30 02:16:47.553 [info] <0.43.0> Application xmerl started on node nonode@nohost
2020-03-30 02:16:47.561 [info] <0.43.0> Application sasl started on node nonode@nohost
2020-03-30 02:16:47.563 [info] <0.43.0> Application tools started on node nonode@nohost
2020-03-30 02:16:47.564 [info] <0.43.0> Application jsx started on node nonode@nohost
2020-03-30 02:16:47.567 [info] <0.43.0> Application ranch started on node nonode@nohost
2020-03-30 02:16:47.568 [info] <0.43.0> Application recon started on node nonode@nohost
2020-03-30 02:16:47.583 [info] <0.43.0> Application credentials_obfuscation started on node nonode@nohost
2020-03-30 02:16:47.583 [info] <0.43.0> Application rabbit_common started on node nonode@nohost
2020-03-30 02:16:47.588 [info] <0.43.0> Application amqp_client started on node nonode@nohost
2020-03-30 02:16:47.589 [info] <0.43.0> Application amqp started on node nonode@nohost
2020-03-30 02:16:47.590 [info] <0.43.0> Application broadway_rabbitmq started on node nonode@nohost
2020-03-30 02:16:47.590 [info] <0.43.0> Application gen_rmq started on node nonode@nohost
2020-03-30 02:16:47.592 [info] <0.43.0> Application poolboy started on node nonode@nohost
2020-03-30 02:16:47.593 [info] <0.43.0> Application poison started on node nonode@nohost
2020-03-30 02:16:47.593 [info] <0.43.0> Application instream started on node nonode@nohost
2020-03-30 02:16:47.785 [info] <0.43.0> Application covid19_influx started on node nonode@nohost
2020-03-30 02:18:00.827 [info] <0.43.0> Application lager started on node nonode@nohost
2020-03-30 02:18:00.832 [info] <0.43.0> Application xmerl started on node nonode@nohost
2020-03-30 02:18:00.839 [info] <0.43.0> Application sasl started on node nonode@nohost
2020-03-30 02:18:00.841 [info] <0.43.0> Application tools started on node nonode@nohost
2020-03-30 02:18:00.842 [info] <0.43.0> Application jsx started on node nonode@nohost
2020-03-30 02:18:00.845 [info] <0.43.0> Application ranch started on node nonode@nohost
2020-03-30 02:18:00.846 [info] <0.43.0> Application recon started on node nonode@nohost
2020-03-30 02:18:00.860 [info] <0.43.0> Application credentials_obfuscation started on node nonode@nohost
2020-03-30 02:18:00.860 [info] <0.43.0> Application rabbit_common started on node nonode@nohost
2020-03-30 02:18:00.866 [info] <0.43.0> Application amqp_client started on node nonode@nohost
2020-03-30 02:18:00.868 [info] <0.43.0> Application amqp started on node nonode@nohost
2020-03-30 02:18:00.868 [info] <0.43.0> Application broadway_rabbitmq started on node nonode@nohost
2020-03-30 02:18:00.869 [info] <0.43.0> Application gen_rmq started on node nonode@nohost
2020-03-30 02:18:00.870 [info] <0.43.0> Application poolboy started on node nonode@nohost
2020-03-30 02:18:00.871 [info] <0.43.0> Application poison started on node nonode@nohost
2020-03-30 02:18:00.871 [info] <0.43.0> Application instream started on node nonode@nohost
2020-03-30 02:18:01.061 [info] <0.43.0> Application covid19_influx started on node nonode@nohost
2020-03-30 02:21:23.178 [info] <0.43.0> Application lager started on node nonode@nohost
2020-03-30 02:21:23.183 [info] <0.43.0> Application xmerl started on node nonode@nohost
2020-03-30 02:21:23.193 [info] <0.43.0> Application sasl started on node nonode@nohost
2020-03-30 02:21:23.195 [info] <0.43.0> Application tools started on node nonode@nohost
2020-03-30 02:21:23.196 [info] <0.43.0> Application jsx started on node nonode@nohost
2020-03-30 02:21:23.201 [info] <0.43.0> Application ranch started on node nonode@nohost
2020-03-30 02:21:23.202 [info] <0.43.0> Application recon started on node nonode@nohost
2020-03-30 02:21:23.221 [info] <0.43.0> Application credentials_obfuscation started on node nonode@nohost
2020-03-30 02:21:23.221 [info] <0.43.0> Application rabbit_common started on node nonode@nohost
2020-03-30 02:21:23.227 [info] <0.43.0> Application amqp_client started on node nonode@nohost
2020-03-30 02:21:23.229 [info] <0.43.0> Application amqp started on node nonode@nohost
2020-03-30 02:21:23.229 [info] <0.43.0> Application broadway_rabbitmq started on node nonode@nohost
2020-03-30 02:21:23.230 [info] <0.43.0> Application gen_rmq started on node nonode@nohost
2020-03-30 02:21:23.231 [info] <0.43.0> Application poolboy started on node nonode@nohost
2020-03-30 02:21:23.232 [info] <0.43.0> Application poison started on node nonode@nohost
2020-03-30 02:21:23.232 [info] <0.43.0> Application instream started on node nonode@nohost
2020-03-30 02:21:23.456 [info] <0.43.0> Application covid19_influx started on node nonode@nohost
2020-03-30 02:47:34.128 [info] <0.43.0> Application lager started on node nonode@nohost
2020-03-30 02:47:34.131 [info] <0.43.0> Application xmerl started on node nonode@nohost
2020-03-30 02:47:34.139 [info] <0.43.0> Application sasl started on node nonode@nohost
2020-03-30 02:47:34.141 [info] <0.43.0> Application tools started on node nonode@nohost
2020-03-30 02:47:34.142 [info] <0.43.0> Application jsx started on node nonode@nohost
2020-03-30 02:47:34.145 [info] <0.43.0> Application ranch started on node nonode@nohost
2020-03-30 02:47:34.146 [info] <0.43.0> Application recon started on node nonode@nohost
2020-03-30 02:47:34.162 [info] <0.43.0> Application credentials_obfuscation started on node nonode@nohost
2020-03-30 02:47:34.162 [info] <0.43.0> Application rabbit_common started on node nonode@nohost
2020-03-30 02:47:34.167 [info] <0.43.0> Application amqp_client started on node nonode@nohost
2020-03-30 02:47:34.169 [info] <0.43.0> Application amqp started on node nonode@nohost
2020-03-30 02:47:34.169 [info] <0.43.0> Application broadway_rabbitmq started on node nonode@nohost
2020-03-30 02:47:34.169 [info] <0.43.0> Application gen_rmq started on node nonode@nohost
2020-03-30 02:47:34.171 [info] <0.43.0> Application poolboy started on node nonode@nohost
2020-03-30 02:47:34.172 [info] <0.43.0> Application poison started on node nonode@nohost
2020-03-30 02:47:34.172 [info] <0.43.0> Application instream started on node nonode@nohost
2020-03-30 02:47:34.376 [info] <0.43.0> Application covid19_influx started on node nonode@nohost
